ֽאיהוםמ 127 פאיכמג ג 58 ךאעאכמדאץ
-------------------
׃האכול BOM טח פאיכא: D:\xampp\htdocs\jcf-shop\www\protected\modules\catalog\views\default\index.php
׃האכול BOM טח פאיכא: D:\xampp\htdocs\jcf-shop\www\protected\modules\catalog\views\jCategory\admin.php
׃האכול BOM טח פאיכא: D:\xampp\htdocs\jcf-shop\www\protected\modules\catalog\views\jCategory\create.php
׃האכול BOM טח פאיכא: D:\xampp\htdocs\jcf-shop\www\protected\modules\catalog\views\jCategory\index.php
׃האכול BOM טח פאיכא: D:\xampp\htdocs\jcf-shop\www\protected\modules\catalog\views\jCategory\update.php
׃האכול BOM טח פאיכא: D:\xampp\htdocs\jcf-shop\www\protected\modules\catalog\views\jCategory\view.php
׃האכול BOM טח פאיכא: D:\xampp\htdocs\jcf-shop\www\protected\modules\catalog\views\jCategory\_form.php
׃האכול BOM טח פאיכא: D:\xampp\htdocs\jcf-shop\www\protected\modules\catalog\views\jCategory\_search.php
׃האכול BOM טח פאיכא: D:\xampp\htdocs\jcf-shop\www\protected\modules\catalog\views\jCategory\_view.php
׃האכול BOM טח פאיכא: D:\xampp\htdocs\jcf-shop\www\protected\modules\catalog\views\jPhoto\admin.php
׃האכול BOM טח פאיכא: D:\xampp\htdocs\jcf-shop\www\protected\modules\catalog\views\jPhoto\create.php
׃האכול BOM טח פאיכא: D:\xampp\htdocs\jcf-shop\www\protected\modules\catalog\views\jPhoto\index.php
׃האכול BOM טח פאיכא: D:\xampp\htdocs\jcf-shop\www\protected\modules\catalog\views\jPhoto\update.php
׃האכול BOM טח פאיכא: D:\xampp\htdocs\jcf-shop\www\protected\modules\catalog\views\jPhoto\view.php
׃האכול BOM טח פאיכא: D:\xampp\htdocs\jcf-shop\www\protected\modules\catalog\views\jPhoto\_form.php
׃האכול BOM טח פאיכא: D:\xampp\htdocs\jcf-shop\www\protected\modules\catalog\views\jPhoto\_search.php
׃האכול BOM טח פאיכא: D:\xampp\htdocs\jcf-shop\www\protected\modules\catalog\views\jPhoto\_view.php
׃האכול BOM טח פאיכא: D:\xampp\htdocs\jcf-shop\www\protected\modules\catalog\views\jProduct\admin.php
׃האכול BOM טח פאיכא: D:\xampp\htdocs\jcf-shop\www\protected\modules\catalog\views\jProduct\create.php
׃האכול BOM טח פאיכא: D:\xampp\htdocs\jcf-shop\www\protected\modules\catalog\views\jProduct\index.php
׃האכול BOM טח פאיכא: D:\xampp\htdocs\jcf-shop\www\protected\modules\catalog\views\jProduct\update.php
׃האכול BOM טח פאיכא: D:\xampp\htdocs\jcf-shop\www\protected\modules\catalog\views\jProduct\view.php
׃האכול BOM טח פאיכא: D:\xampp\htdocs\jcf-shop\www\protected\modules\catalog\views\jProduct\_form.php
׃האכול BOM טח פאיכא: D:\xampp\htdocs\jcf-shop\www\protected\modules\catalog\views\jProduct\_frameAddPhoto.php
׃האכול BOM טח פאיכא: D:\xampp\htdocs\jcf-shop\www\protected\modules\catalog\views\jProduct\_search.php
׃האכול BOM טח פאיכא: D:\xampp\htdocs\jcf-shop\www\protected\modules\catalog\views\jProduct\_view.php
׃האכול BOM טח פאיכא: D:\xampp\htdocs\jcf-shop\www\protected\modules\catalog\views\jVendor\admin.php
׃האכול BOM טח פאיכא: D:\xampp\htdocs\jcf-shop\www\protected\modules\catalog\views\jVendor\create.php
׃האכול BOM טח פאיכא: D:\xampp\htdocs\jcf-shop\www\protected\modules\catalog\views\jVendor\index.php
׃האכול BOM טח פאיכא: D:\xampp\htdocs\jcf-shop\www\protected\modules\catalog\views\jVendor\update.php
׃האכול BOM טח פאיכא: D:\xampp\htdocs\jcf-shop\www\protected\modules\catalog\views\jVendor\view.php
׃האכול BOM טח פאיכא: D:\xampp\htdocs\jcf-shop\www\protected\modules\catalog\views\jVendor\_form.php
׃האכול BOM טח פאיכא: D:\xampp\htdocs\jcf-shop\www\protected\modules\catalog\views\jVendor\_search.php
׃האכול BOM טח פאיכא: D:\xampp\htdocs\jcf-shop\www\protected\modules\catalog\views\jVendor\_view.php
׃האכול BOM טח פאיכא: D:\xampp\htdocs\jcf-shop\www\protected\modules\catalog\views\layouts\column1.php
-------------------
ֿמטסך חאגונרום. ֽאיהוםמ ט ןמןנאגכוםםמ 35 פאיכמג
