2012/12/16 23:12:38 [error] [exception.CHttpException.404] exception 'CHttpException' with message 'Невозможно обработать запрос "assets/3985a64a/css/redmond/images/ui-bg_inset-hard_100_fcfdfd_1x100.png".' in /home/tux/web/jcfyii/protected/lib/yii/web/CWebApplication.php:287
Stack trace:
#0 /home/tux/web/jcfyii/protected/lib/yii/web/CWebApplication.php(142): CWebApplication->runController('assets/3985a64a...')
#1 /home/tux/web/jcfyii/protected/lib/yii/base/CApplication.php(162): CWebApplication->processRequest()
#2 /home/tux/web/jcfyii/index.php(24): CApplication->run()
#3 {main}
REQUEST_URI=/assets/3985a64a/css/redmond/images/ui-bg_inset-hard_100_fcfdfd_1x100.png
HTTP_REFERER=http://jcfyii.xxx/assets/3985a64a/css/redmond/jquery-ui.css
---
2012/12/16 23:28:06 [error] [exception.CHttpException.404] exception 'CHttpException' with message 'Невозможно обработать запрос "assets/3985a64a/css/redmond/images/ui-bg_inset-hard_100_fcfdfd_1x100.png".' in /home/tux/web/jcfyii/protected/lib/yii/web/CWebApplication.php:287
Stack trace:
#0 /home/tux/web/jcfyii/protected/lib/yii/web/CWebApplication.php(142): CWebApplication->runController('assets/3985a64a...')
#1 /home/tux/web/jcfyii/protected/lib/yii/base/CApplication.php(162): CWebApplication->processRequest()
#2 /home/tux/web/jcfyii/index.php(24): CApplication->run()
#3 {main}
REQUEST_URI=/assets/3985a64a/css/redmond/images/ui-bg_inset-hard_100_fcfdfd_1x100.png
HTTP_REFERER=http://jcfyii.xxx/assets/3985a64a/css/redmond/jquery-ui.css
---
2012/12/16 23:34:08 [error] [exception.CHttpException.404] exception 'CHttpException' with message 'Невозможно обработать запрос "assets/3985a64a/css/redmond/images/ui-bg_inset-hard_100_fcfdfd_1x100.png".' in /home/tux/web/jcfyii/protected/lib/yii/web/CWebApplication.php:287
Stack trace:
#0 /home/tux/web/jcfyii/protected/lib/yii/web/CWebApplication.php(142): CWebApplication->runController('assets/3985a64a...')
#1 /home/tux/web/jcfyii/protected/lib/yii/base/CApplication.php(162): CWebApplication->processRequest()
#2 /home/tux/web/jcfyii/index.php(24): CApplication->run()
#3 {main}
REQUEST_URI=/assets/3985a64a/css/redmond/images/ui-bg_inset-hard_100_fcfdfd_1x100.png
HTTP_REFERER=http://jcfyii.xxx/assets/3985a64a/css/redmond/jquery-ui.css
---
2012/12/17 01:35:41 [error] [exception.CHttpException.404] exception 'CHttpException' with message 'Невозможно обработать запрос "favicon.ico".' in /home/tux/web/jcfyii/protected/lib/yii/web/CWebApplication.php:287
Stack trace:
#0 /home/tux/web/jcfyii/protected/lib/yii/web/CWebApplication.php(142): CWebApplication->runController('favicon.ico')
#1 /home/tux/web/jcfyii/protected/lib/yii/base/CApplication.php(162): CWebApplication->processRequest()
#2 /home/tux/web/jcfyii/index.php(24): CApplication->run()
#3 {main}
REQUEST_URI=/favicon.ico
---
2012/12/17 01:35:41 [error] [exception.CHttpException.404] exception 'CHttpException' with message 'Невозможно обработать запрос "favicon.ico".' in /home/tux/web/jcfyii/protected/lib/yii/web/CWebApplication.php:287
Stack trace:
#0 /home/tux/web/jcfyii/protected/lib/yii/web/CWebApplication.php(142): CWebApplication->runController('favicon.ico')
#1 /home/tux/web/jcfyii/protected/lib/yii/base/CApplication.php(162): CWebApplication->processRequest()
#2 /home/tux/web/jcfyii/index.php(24): CApplication->run()
#3 {main}
REQUEST_URI=/favicon.ico
---
2012/12/17 03:49:32 [error] [exception.CHttpException.404] exception 'CHttpException' with message 'Невозможно обработать запрос "assets/3985a64a/js/form.js".' in /home/tux/web/jcfyii/protected/lib/yii/web/CWebApplication.php:287
Stack trace:
#0 /home/tux/web/jcfyii/protected/lib/yii/web/CWebApplication.php(142): CWebApplication->runController('assets/3985a64a...')
#1 /home/tux/web/jcfyii/protected/lib/yii/base/CApplication.php(162): CWebApplication->processRequest()
#2 /home/tux/web/jcfyii/index.php(23): CApplication->run()
#3 {main}
REQUEST_URI=/assets/3985a64a/js/form.js
HTTP_REFERER=http://jcfyii.xxx/user/profileField/update/id/3
---
